2025-07-01 02:15:32.771 [JavaFX Application Thread] ERROR mft.MainApp - Failed to start application
java.lang.IllegalStateException: Location is not set.
	at javafx.fxml.FXMLLoader.loadImpl(FXMLLoader.java:2439) ~[jfxrt.jar:?]
	at javafx.fxml.FXMLLoader.load(FXMLLoader.java:2414) ~[jfxrt.jar:?]
	at mft.MainApp.start(MainApp.java:16) ~[classes/:?]
	at com.sun.javafx.application.LauncherImpl.lambda$launchApplication1$8(LauncherImpl.java:863) ~[jfxrt.jar:?]
	at com.sun.javafx.application.PlatformImpl.lambda$runAndWait$7(PlatformImpl.java:326) ~[jfxrt.jar:?]
	at com.sun.javafx.application.PlatformImpl.lambda$null$5(PlatformImpl.java:295) ~[jfxrt.jar:?]
	at java.security.AccessController.doPrivileged(Native Method) ~[?:1.8.0_431]
	at com.sun.javafx.application.PlatformImpl.lambda$runLater$6(PlatformImpl.java:294) ~[jfxrt.jar:?]
	at com.sun.glass.ui.InvokeLaterDispatcher$Future.run(InvokeLaterDispatcher.java:95) ~[jfxrt.jar:?]
	at com.sun.glass.ui.win.WinApplication._runLoop(Native Method) ~[jfxrt.jar:?]
	at com.sun.glass.ui.win.WinApplication.lambda$null$4(WinApplication.java:185) ~[jfxrt.jar:?]
	at java.lang.Thread.run(Thread.java:750) [?:1.8.0_431]
2025-07-01 02:15:58.386 [JavaFX Application Thread] ERROR mft.MainApp - Failed to start application
java.lang.IllegalStateException: Location is not set.
	at javafx.fxml.FXMLLoader.loadImpl(FXMLLoader.java:2439) ~[jfxrt.jar:?]
	at javafx.fxml.FXMLLoader.load(FXMLLoader.java:2414) ~[jfxrt.jar:?]
	at mft.MainApp.start(MainApp.java:16) ~[classes/:?]
	at com.sun.javafx.application.LauncherImpl.lambda$launchApplication1$8(LauncherImpl.java:863) ~[jfxrt.jar:?]
	at com.sun.javafx.application.PlatformImpl.lambda$runAndWait$7(PlatformImpl.java:326) ~[jfxrt.jar:?]
	at com.sun.javafx.application.PlatformImpl.lambda$null$5(PlatformImpl.java:295) ~[jfxrt.jar:?]
	at java.security.AccessController.doPrivileged(Native Method) ~[?:1.8.0_431]
	at com.sun.javafx.application.PlatformImpl.lambda$runLater$6(PlatformImpl.java:294) ~[jfxrt.jar:?]
	at com.sun.glass.ui.InvokeLaterDispatcher$Future.run(InvokeLaterDispatcher.java:95) ~[jfxrt.jar:?]
	at com.sun.glass.ui.win.WinApplication._runLoop(Native Method) ~[jfxrt.jar:?]
	at com.sun.glass.ui.win.WinApplication.lambda$null$4(WinApplication.java:185) ~[jfxrt.jar:?]
	at java.lang.Thread.run(Thread.java:750) [?:1.8.0_431]
2025-07-01 02:17:19.825 [JavaFX Application Thread] INFO  mft.MainApp - Application started successfully
2025-07-01 02:24:47.310 [JavaFX Application Thread] INFO  mft.MainApp - Application started successfully
2025-07-01 02:40:55.165 [JavaFX Application Thread] INFO  mft.MainApp - Application started successfully
2025-07-01 02:41:27.103 [JavaFX Application Thread] INFO  mft.model.ropository.PersonRepository - Login Person(id=1, name=Reza, family=Mohammadi, username=reza456, password=pass456, birthDate=1992-02-02, phoneNumber=09998887766)
2025-07-01 02:44:28.930 [JavaFX Application Thread] INFO  mft.MainApp - Application started successfully
2025-07-01 02:45:39.354 [JavaFX Application Thread] INFO  mft.model.ropository.PersonRepository - Login Person(id=2, name=Ali, family=Ahmadi, username=ali123, password=pass123, birthDate=1990-01-01, phoneNumber=09123456789)
2025-07-01 02:50:57.064 [JavaFX Application Thread] INFO  mft.MainApp - Application started successfully
2025-07-01 02:51:41.599 [JavaFX Application Thread] INFO  mft.model.ropository.PersonRepository - Login Person(id=2, name=Ali, family=Ahmadi, username=ali123, password=pass123, birthDate=1990-01-01, phoneNumber=09123456789)
2025-07-01 02:51:43.195 [JavaFX Application Thread] ERROR mft.controller.LoginController - Login failed due to unexpected error
java.lang.NullPointerException: Location is required.
	at javafx.fxml.FXMLLoader.loadImpl(FXMLLoader.java:3242) ~[jfxrt.jar:?]
	at javafx.fxml.FXMLLoader.loadImpl(FXMLLoader.java:3210) ~[jfxrt.jar:?]
	at javafx.fxml.FXMLLoader.loadImpl(FXMLLoader.java:3183) ~[jfxrt.jar:?]
	at javafx.fxml.FXMLLoader.loadImpl(FXMLLoader.java:3159) ~[jfxrt.jar:?]
	at javafx.fxml.FXMLLoader.loadImpl(FXMLLoader.java:3139) ~[jfxrt.jar:?]
	at javafx.fxml.FXMLLoader.load(FXMLLoader.java:3132) ~[jfxrt.jar:?]
	at mft.controller.LoginController.lambda$initialize$0(LoginController.java:40) ~[classes/:?]
	at com.sun.javafx.event.CompositeEventHandler.dispatchBubblingEvent(CompositeEventHandler.java:86) ~[jfxrt.jar:?]
	at com.sun.javafx.event.EventHandlerManager.dispatchBubblingEvent(EventHandlerManager.java:238) ~[jfxrt.jar:?]
	at com.sun.javafx.event.EventHandlerManager.dispatchBubblingEvent(EventHandlerManager.java:191) ~[jfxrt.jar:?]
	at com.sun.javafx.event.CompositeEventDispatcher.dispatchBubblingEvent(CompositeEventDispatcher.java:59) ~[jfxrt.jar:?]
	at com.sun.javafx.event.BasicEventDispatcher.dispatchEvent(BasicEventDispatcher.java:58) ~[jfxrt.jar:?]
	at com.sun.javafx.event.EventDispatchChainImpl.dispatchEvent(EventDispatchChainImpl.java:114) ~[jfxrt.jar:?]
	at com.sun.javafx.event.BasicEventDispatcher.dispatchEvent(BasicEventDispatcher.java:56) ~[jfxrt.jar:?]
	at com.sun.javafx.event.EventDispatchChainImpl.dispatchEvent(EventDispatchChainImpl.java:114) ~[jfxrt.jar:?]
	at com.sun.javafx.event.BasicEventDispatcher.dispatchEvent(BasicEventDispatcher.java:56) ~[jfxrt.jar:?]
	at com.sun.javafx.event.EventDispatchChainImpl.dispatchEvent(EventDispatchChainImpl.java:114) ~[jfxrt.jar:?]
	at com.sun.javafx.event.EventUtil.fireEventImpl(EventUtil.java:74) ~[jfxrt.jar:?]
	at com.sun.javafx.event.EventUtil.fireEvent(EventUtil.java:49) ~[jfxrt.jar:?]
	at javafx.event.Event.fireEvent(Event.java:198) ~[jfxrt.jar:?]
	at javafx.scene.Node.fireEvent(Node.java:8411) ~[jfxrt.jar:?]
	at javafx.scene.control.Button.fire(Button.java:185) ~[jfxrt.jar:?]
	at com.sun.javafx.scene.control.behavior.ButtonBehavior.mouseReleased(ButtonBehavior.java:182) ~[jfxrt.jar:?]
	at com.sun.javafx.scene.control.skin.BehaviorSkinBase$1.handle(BehaviorSkinBase.java:96) ~[jfxrt.jar:?]
	at com.sun.javafx.scene.control.skin.BehaviorSkinBase$1.handle(BehaviorSkinBase.java:89) ~[jfxrt.jar:?]
	at com.sun.javafx.event.CompositeEventHandler$NormalEventHandlerRecord.handleBubblingEvent(CompositeEventHandler.java:218) ~[jfxrt.jar:?]
	at com.sun.javafx.event.CompositeEventHandler.dispatchBubblingEvent(CompositeEventHandler.java:80) ~[jfxrt.jar:?]
	at com.sun.javafx.event.EventHandlerManager.dispatchBubblingEvent(EventHandlerManager.java:238) ~[jfxrt.jar:?]
	at com.sun.javafx.event.EventHandlerManager.dispatchBubblingEvent(EventHandlerManager.java:191) ~[jfxrt.jar:?]
	at com.sun.javafx.event.CompositeEventDispatcher.dispatchBubblingEvent(CompositeEventDispatcher.java:59) ~[jfxrt.jar:?]
	at com.sun.javafx.event.BasicEventDispatcher.dispatchEvent(BasicEventDispatcher.java:58) ~[jfxrt.jar:?]
	at com.sun.javafx.event.EventDispatchChainImpl.dispatchEvent(EventDispatchChainImpl.java:114) ~[jfxrt.jar:?]
	at com.sun.javafx.event.BasicEventDispatcher.dispatchEvent(BasicEventDispatcher.java:56) ~[jfxrt.jar:?]
	at com.sun.javafx.event.EventDispatchChainImpl.dispatchEvent(EventDispatchChainImpl.java:114) ~[jfxrt.jar:?]
	at com.sun.javafx.event.BasicEventDispatcher.dispatchEvent(BasicEventDispatcher.java:56) ~[jfxrt.jar:?]
	at com.sun.javafx.event.EventDispatchChainImpl.dispatchEvent(EventDispatchChainImpl.java:114) ~[jfxrt.jar:?]
	at com.sun.javafx.event.EventUtil.fireEventImpl(EventUtil.java:74) ~[jfxrt.jar:?]
	at com.sun.javafx.event.EventUtil.fireEvent(EventUtil.java:54) ~[jfxrt.jar:?]
	at javafx.event.Event.fireEvent(Event.java:198) ~[jfxrt.jar:?]
	at javafx.scene.Scene$MouseHandler.process(Scene.java:3760) ~[jfxrt.jar:?]
	at javafx.scene.Scene$MouseHandler.access$1500(Scene.java:3488) ~[jfxrt.jar:?]
	at javafx.scene.Scene.impl_processMouseEvent(Scene.java:1765) ~[jfxrt.jar:?]
	at javafx.scene.Scene$ScenePeerListener.mouseEvent(Scene.java:2497) ~[jfxrt.jar:?]
	at com.sun.javafx.tk.quantum.GlassViewEventHandler$MouseEventNotification.run(GlassViewEventHandler.java:397) ~[jfxrt.jar:?]
	at com.sun.javafx.tk.quantum.GlassViewEventHandler$MouseEventNotification.run(GlassViewEventHandler.java:295) ~[jfxrt.jar:?]
	at java.security.AccessController.doPrivileged(Native Method) ~[?:1.8.0_431]
	at com.sun.javafx.tk.quantum.GlassViewEventHandler.lambda$handleMouseEvent$2(GlassViewEventHandler.java:434) ~[jfxrt.jar:?]
	at com.sun.javafx.tk.quantum.QuantumToolkit.runWithoutRenderLock(QuantumToolkit.java:411) ~[jfxrt.jar:?]
	at com.sun.javafx.tk.quantum.GlassViewEventHandler.handleMouseEvent(GlassViewEventHandler.java:433) ~[jfxrt.jar:?]
	at com.sun.glass.ui.View.handleMouseEvent(View.java:555) ~[jfxrt.jar:?]
	at com.sun.glass.ui.View.notifyMouse(View.java:941) ~[jfxrt.jar:?]
	at com.sun.glass.ui.win.WinApplication._runLoop(Native Method) ~[jfxrt.jar:?]
	at com.sun.glass.ui.win.WinApplication.lambda$null$4(WinApplication.java:185) ~[jfxrt.jar:?]
	at java.lang.Thread.run(Thread.java:750) [?:1.8.0_431]
2025-07-01 02:55:45.662 [JavaFX Application Thread] INFO  mft.MainApp - Application started successfully
2025-07-01 02:56:33.974 [JavaFX Application Thread] INFO  mft.model.ropository.PersonRepository - Login Person(id=2, name=Ali, family=Ahmadi, username=ali123, password=pass123, birthDate=1990-01-01, phoneNumber=09123456789)
2025-07-01 02:56:39.741 [JavaFX Application Thread] ERROR mft.controller.LoginController - Login failed due to unexpected error
java.lang.NullPointerException: Location is required.
	at javafx.fxml.FXMLLoader.loadImpl(FXMLLoader.java:3242) ~[jfxrt.jar:?]
	at javafx.fxml.FXMLLoader.loadImpl(FXMLLoader.java:3210) ~[jfxrt.jar:?]
	at javafx.fxml.FXMLLoader.loadImpl(FXMLLoader.java:3183) ~[jfxrt.jar:?]
	at javafx.fxml.FXMLLoader.loadImpl(FXMLLoader.java:3159) ~[jfxrt.jar:?]
	at javafx.fxml.FXMLLoader.loadImpl(FXMLLoader.java:3139) ~[jfxrt.jar:?]
	at javafx.fxml.FXMLLoader.load(FXMLLoader.java:3132) ~[jfxrt.jar:?]
	at mft.controller.LoginController.lambda$initialize$0(LoginController.java:40) ~[classes/:?]
	at com.sun.javafx.event.CompositeEventHandler.dispatchBubblingEvent(CompositeEventHandler.java:86) ~[jfxrt.jar:?]
	at com.sun.javafx.event.EventHandlerManager.dispatchBubblingEvent(EventHandlerManager.java:238) ~[jfxrt.jar:?]
	at com.sun.javafx.event.EventHandlerManager.dispatchBubblingEvent(EventHandlerManager.java:191) ~[jfxrt.jar:?]
	at com.sun.javafx.event.CompositeEventDispatcher.dispatchBubblingEvent(CompositeEventDispatcher.java:59) ~[jfxrt.jar:?]
	at com.sun.javafx.event.BasicEventDispatcher.dispatchEvent(BasicEventDispatcher.java:58) ~[jfxrt.jar:?]
	at com.sun.javafx.event.EventDispatchChainImpl.dispatchEvent(EventDispatchChainImpl.java:114) ~[jfxrt.jar:?]
	at com.sun.javafx.event.BasicEventDispatcher.dispatchEvent(BasicEventDispatcher.java:56) ~[jfxrt.jar:?]
	at com.sun.javafx.event.EventDispatchChainImpl.dispatchEvent(EventDispatchChainImpl.java:114) ~[jfxrt.jar:?]
	at com.sun.javafx.event.BasicEventDispatcher.dispatchEvent(BasicEventDispatcher.java:56) ~[jfxrt.jar:?]
	at com.sun.javafx.event.EventDispatchChainImpl.dispatchEvent(EventDispatchChainImpl.java:114) ~[jfxrt.jar:?]
	at com.sun.javafx.event.EventUtil.fireEventImpl(EventUtil.java:74) ~[jfxrt.jar:?]
	at com.sun.javafx.event.EventUtil.fireEvent(EventUtil.java:49) ~[jfxrt.jar:?]
	at javafx.event.Event.fireEvent(Event.java:198) ~[jfxrt.jar:?]
	at javafx.scene.Node.fireEvent(Node.java:8411) ~[jfxrt.jar:?]
	at javafx.scene.control.Button.fire(Button.java:185) ~[jfxrt.jar:?]
	at com.sun.javafx.scene.control.behavior.ButtonBehavior.mouseReleased(ButtonBehavior.java:182) ~[jfxrt.jar:?]
	at com.sun.javafx.scene.control.skin.BehaviorSkinBase$1.handle(BehaviorSkinBase.java:96) ~[jfxrt.jar:?]
	at com.sun.javafx.scene.control.skin.BehaviorSkinBase$1.handle(BehaviorSkinBase.java:89) ~[jfxrt.jar:?]
	at com.sun.javafx.event.CompositeEventHandler$NormalEventHandlerRecord.handleBubblingEvent(CompositeEventHandler.java:218) ~[jfxrt.jar:?]
	at com.sun.javafx.event.CompositeEventHandler.dispatchBubblingEvent(CompositeEventHandler.java:80) ~[jfxrt.jar:?]
	at com.sun.javafx.event.EventHandlerManager.dispatchBubblingEvent(EventHandlerManager.java:238) ~[jfxrt.jar:?]
	at com.sun.javafx.event.EventHandlerManager.dispatchBubblingEvent(EventHandlerManager.java:191) ~[jfxrt.jar:?]
	at com.sun.javafx.event.CompositeEventDispatcher.dispatchBubblingEvent(CompositeEventDispatcher.java:59) ~[jfxrt.jar:?]
	at com.sun.javafx.event.BasicEventDispatcher.dispatchEvent(BasicEventDispatcher.java:58) ~[jfxrt.jar:?]
	at com.sun.javafx.event.EventDispatchChainImpl.dispatchEvent(EventDispatchChainImpl.java:114) ~[jfxrt.jar:?]
	at com.sun.javafx.event.BasicEventDispatcher.dispatchEvent(BasicEventDispatcher.java:56) ~[jfxrt.jar:?]
	at com.sun.javafx.event.EventDispatchChainImpl.dispatchEvent(EventDispatchChainImpl.java:114) ~[jfxrt.jar:?]
	at com.sun.javafx.event.BasicEventDispatcher.dispatchEvent(BasicEventDispatcher.java:56) ~[jfxrt.jar:?]
	at com.sun.javafx.event.EventDispatchChainImpl.dispatchEvent(EventDispatchChainImpl.java:114) ~[jfxrt.jar:?]
	at com.sun.javafx.event.EventUtil.fireEventImpl(EventUtil.java:74) ~[jfxrt.jar:?]
	at com.sun.javafx.event.EventUtil.fireEvent(EventUtil.java:54) ~[jfxrt.jar:?]
	at javafx.event.Event.fireEvent(Event.java:198) ~[jfxrt.jar:?]
	at javafx.scene.Scene$MouseHandler.process(Scene.java:3760) ~[jfxrt.jar:?]
	at javafx.scene.Scene$MouseHandler.access$1500(Scene.java:3488) ~[jfxrt.jar:?]
	at javafx.scene.Scene.impl_processMouseEvent(Scene.java:1765) ~[jfxrt.jar:?]
	at javafx.scene.Scene$ScenePeerListener.mouseEvent(Scene.java:2497) ~[jfxrt.jar:?]
	at com.sun.javafx.tk.quantum.GlassViewEventHandler$MouseEventNotification.run(GlassViewEventHandler.java:397) ~[jfxrt.jar:?]
	at com.sun.javafx.tk.quantum.GlassViewEventHandler$MouseEventNotification.run(GlassViewEventHandler.java:295) ~[jfxrt.jar:?]
	at java.security.AccessController.doPrivileged(Native Method) ~[?:1.8.0_431]
	at com.sun.javafx.tk.quantum.GlassViewEventHandler.lambda$handleMouseEvent$2(GlassViewEventHandler.java:434) ~[jfxrt.jar:?]
	at com.sun.javafx.tk.quantum.QuantumToolkit.runWithoutRenderLock(QuantumToolkit.java:411) ~[jfxrt.jar:?]
	at com.sun.javafx.tk.quantum.GlassViewEventHandler.handleMouseEvent(GlassViewEventHandler.java:433) ~[jfxrt.jar:?]
	at com.sun.glass.ui.View.handleMouseEvent(View.java:555) ~[jfxrt.jar:?]
	at com.sun.glass.ui.View.notifyMouse(View.java:941) ~[jfxrt.jar:?]
	at com.sun.glass.ui.win.WinApplication._runLoop(Native Method) ~[jfxrt.jar:?]
	at com.sun.glass.ui.win.WinApplication.lambda$null$4(WinApplication.java:185) ~[jfxrt.jar:?]
	at java.lang.Thread.run(Thread.java:750) [?:1.8.0_431]
2025-07-01 02:58:36.598 [JavaFX Application Thread] INFO  mft.MainApp - Application started successfully
2025-07-01 02:59:02.831 [JavaFX Application Thread] INFO  mft.model.ropository.PersonRepository - Login Person(id=2, name=Ali, family=Ahmadi, username=ali123, password=pass123, birthDate=1990-01-01, phoneNumber=09123456789)
2025-07-01 02:59:03.132 [JavaFX Application Thread] ERROR mft.controller.PersonController - ORA-17006: Invalid column name
2025-07-01 02:59:03.196 [JavaFX Application Thread] ERROR mft.controller.PersonController - Error loading person list: ORA-17006: Invalid column name
2025-07-01 02:59:03.279 [JavaFX Application Thread] ERROR mft.controller.AccountViewController - Clear form error: ORA-00942: table or view does not exist

2025-07-01 02:59:03.326 [JavaFX Application Thread] ERROR mft.controller.AccountViewController - Error loading account list: ORA-00942: table or view does not exist

2025-07-01 02:59:53.855 [JavaFX Application Thread] ERROR mft.controller.PersonController - Person Creation Error: ORA-02289: sequence does not exist

2025-07-01 03:00:09.457 [JavaFX Application Thread] ERROR mft.controller.PersonController - Person Creation Error: ORA-02289: sequence does not exist

2025-07-01 03:00:28.704 [JavaFX Application Thread] ERROR mft.controller.AccountViewController - Save error: For input string: "sdfas"
2025-07-01 10:57:07.668 [JavaFX Application Thread] INFO  mft.MainApp - Application started successfully
2025-07-01 10:57:49.933 [JavaFX Application Thread] INFO  mft.model.ropository.PersonRepository - Login Person(id=1, name=Reza, family=Mohammadi, username=reza456, password=pass456, birthDate=1992-02-02, phoneNumber=09998887766)
2025-07-01 10:57:50.273 [JavaFX Application Thread] ERROR mft.controller.PersonController - Form Reset Error: ORA-17006: Invalid column name
2025-07-01 10:57:50.334 [JavaFX Application Thread] ERROR mft.controller.PersonController - Error loading person list: ORA-17006: Invalid column name
2025-07-01 10:57:50.428 [JavaFX Application Thread] ERROR mft.controller.AccountViewController - Clear form error: ORA-00942: table or view does not exist

2025-07-01 10:57:50.485 [JavaFX Application Thread] ERROR mft.controller.AccountViewController - Error loading account list: ORA-00942: table or view does not exist

2025-07-01 11:17:10.330 [JavaFX Application Thread] INFO  mft.MainApp - Application started successfully
2025-07-01 11:17:44.384 [JavaFX Application Thread] INFO  mft.model.ropository.PersonRepository - Login Person(id=1, name=Reza, family=Mohammadi, username=reza456, password=pass456, birthDate=1992-02-02, phoneNumber=09998887766)
2025-07-01 11:17:44.831 [JavaFX Application Thread] ERROR mft.controller.AccountViewController - Clear form error: ORA-00942: table or view does not exist

2025-07-01 11:17:44.877 [JavaFX Application Thread] ERROR mft.controller.AccountViewController - Error loading account list: ORA-00942: table or view does not exist

2025-07-01 11:46:21.093 [JavaFX Application Thread] INFO  mft.MainApp - Application started successfully
2025-07-01 11:46:37.898 [JavaFX Application Thread] INFO  mft.model.ropository.PersonRepository - Login Person(id=1, name=Reza, family=Mohammadi, username=reza456, password=pass456, birthDate=1992-02-02, phoneNumber=09998887766)
2025-07-01 11:46:38.366 [JavaFX Application Thread] ERROR mft.controller.AccountViewController - Clear form error: No enum constant mft.model.entity.TransactionType.credit
2025-07-01 11:46:38.430 [JavaFX Application Thread] ERROR mft.controller.AccountViewController - Error loading account list: No enum constant mft.model.entity.TransactionType.credit
2025-07-01 11:47:02.623 [JavaFX Application Thread] INFO  mft.controller.PersonController - Person Deleted Successfully: 2
2025-07-01 12:06:03.235 [JavaFX Application Thread] INFO  mft.MainApp - Application started successfully
2025-07-01 12:06:34.256 [JavaFX Application Thread] ERROR mft.model.ropository.PersonRepository - Login - No User With username/password ali123:pass123
2025-07-01 12:06:46.817 [JavaFX Application Thread] ERROR mft.model.ropository.PersonRepository - Login - No User With username/password ali123:pass123
